<?xml version="1.0" encoding="UTF-8"?>
<!-- Generated by org.testng.reporters.JUnitReportReporter -->
<testsuite hostname="SRDB" failures="0" tests="4" name="selenium.testng.NoonSeleniumTestNG.MyTestClass3" time="0.014" errors="0" timestamp="2021-06-30T13:23:09 IST" skipped="0">
  <testcase classname="selenium.testng.NoonSeleniumTestNG.MyTestClass3" name="testBeta" time="0.002"/>
  <system-out/>
  <testcase classname="selenium.testng.NoonSeleniumTestNG.MyTestClass3" name="testAlpha" time="0.009"/>
  <system-out/>
  <testcase classname="selenium.testng.NoonSeleniumTestNG.MyTestClass3" name="testCosmo" time="0.001"/>
  <system-out/>
  <testcase classname="selenium.testng.NoonSeleniumTestNG.MyTestClass3" name="tetsDelta" time="0.002"/>
  <system-out/>
</testsuite> <!-- selenium.testng.NoonSeleniumTestNG.MyTestClass3 -->
