<?xml version="1.0" encoding="UTF-8"?>
<!-- Generated by org.testng.reporters.JUnitReportReporter -->
<testsuite hostname="SRDB" failures="0" tests="2" name="selenium.testng.NoonSeleniumTestNG.AppTest" time="0.013" errors="0" timestamp="2021-06-28T13:25:45 IST" skipped="0">
  <testcase classname="selenium.testng.NoonSeleniumTestNG.AppTest" name="testOutCome" time="0.001"/>
  <system-out/>
  <testcase classname="selenium.testng.NoonSeleniumTestNG.AppTest" name="testAdd" time="0.012"/>
  <system-out/>
</testsuite> <!-- selenium.testng.NoonSeleniumTestNG.AppTest -->
