<?xml version="1.0" encoding="UTF-8"?>
<!-- Generated by org.testng.reporters.JUnitReportReporter -->
<testsuite hostname="SRDB" failures="0" tests="3" name="selenium.testng.NoonSeleniumTestNG.MyTestClass1" time="0.005" errors="0" timestamp="2021-06-28T13:25:45 IST" skipped="0">
  <testcase classname="selenium.testng.NoonSeleniumTestNG.MyTestClass1" name="santhoor" time="0.002"/>
  <system-out/>
  <testcase classname="selenium.testng.NoonSeleniumTestNG.MyTestClass1" name="sandal" time="0.002"/>
  <system-out/>
  <testcase classname="selenium.testng.NoonSeleniumTestNG.MyTestClass1" name="sign" time="0.001"/>
  <system-out/>
</testsuite> <!-- selenium.testng.NoonSeleniumTestNG.MyTestClass1 -->
