<?xml version="1.0" encoding="UTF-8"?>
<!-- Generated by org.testng.reporters.JUnitReportReporter -->
<testsuite hostname="SRDB" failures="0" tests="1" name="selenium.testng.NoonSeleniumTestNG.AppTest" time="0.006" errors="0" timestamp="2021-06-18T12:46:02 IST" skipped="0">
  <testcase classname="selenium.testng.NoonSeleniumTestNG.AppTest" name="donut" time="0.006"/>
  <system-out/>
</testsuite> <!-- selenium.testng.NoonSeleniumTestNG.AppTest -->
