<?xml version="1.0" encoding="UTF-8"?>
<!-- Generated by org.testng.reporters.JUnitReportReporter -->
<testsuite hostname="SRDB" failures="0" tests="1" name="sample.selenium.junit.NoonSeleniumJUnit.AppTest" time="0.011" errors="0" timestamp="2021-06-18T10:11:09 IST" skipped="0">
  <testcase classname="sample.selenium.junit.NoonSeleniumJUnit.AppTest" name="hai" time="0.011"/>
  <system-out/>
</testsuite> <!-- sample.selenium.junit.NoonSeleniumJUnit.AppTest -->
